@!@!@STARTMSG 2262:0 @!@!@
TLC2 Version 2.13 of 18 July 2018
@!@!@ENDMSG 2262 @!@!@
@!@!@STARTMSG 2187:0 @!@!@
Running breadth-first search Model-Checking with seed 4075638009550942050 with 3 workers on 6 cores with 650MB heap and 1295MB offheap memory (Linux 4.18.0-15-generic amd64, Oracle Corporation 10.0.2 x86_64).
@!@!@ENDMSG 2187 @!@!@
@!@!@STARTMSG 2220:0 @!@!@
Starting SANY...
@!@!@ENDMSG 2220 @!@!@
Parsing file /home/guo/mongo-repl-tla/RaftMongo.toolbox/Model_1/MC.tla
Parsing file /home/guo/mongo-repl-tla/RaftMongo.toolbox/Model_1/RaftMongo.tla
Parsing file /opt/tla-toolbox/plugins/org.lamport.tlatools_1.0.0.201807180447/tla2sany/StandardModules/TLC.tla
Parsing file /opt/tla-toolbox/plugins/org.lamport.tlatools_1.0.0.201807180447/tla2sany/StandardModules/Naturals.tla
Parsing file /opt/tla-toolbox/plugins/org.lamport.tlatools_1.0.0.201807180447/tla2sany/StandardModules/FiniteSets.tla
Parsing file /opt/tla-toolbox/plugins/org.lamport.tlatools_1.0.0.201807180447/tla2sany/StandardModules/Sequences.tla
Semantic processing of module Naturals
Semantic processing of module Sequences
Semantic processing of module FiniteSets
Semantic processing of module TLC
Semantic processing of module RaftMongo
Semantic processing of module MC
@!@!@STARTMSG 2219:0 @!@!@
SANY finished.
@!@!@ENDMSG 2219 @!@!@
@!@!@STARTMSG 2185:0 @!@!@
Starting... (2019-03-04 08:58:06)
@!@!@ENDMSG 2185 @!@!@
@!@!@STARTMSG 2189:0 @!@!@
Computing initial states...
@!@!@ENDMSG 2189 @!@!@
@!@!@STARTMSG 2190:0 @!@!@
Finished computing initial states: 1 distinct state generated.
@!@!@ENDMSG 2190 @!@!@
<<"starting process: ", 1, <<[term |-> 0, value |-> 42]>>>>
<<"starting process: ", 2, <<[term |-> 0, value |-> 42]>>>>
<<"starting process: ", 3, <<[term |-> 0, value |-> 42]>>>>
<<"starting process: ", 2, <<[term |-> 0, value |-> 42]>>>>
<<"starting process: ", 3, <<[term |-> 0, value |-> 42]>>>>
<<"starting process: ", 1, <<[term |-> 0, value |-> 42]>>>>
<<"starting process: ", 1, <<[term |-> 0, value |-> 42]>>>>
<<"starting process: ", 2, <<[term |-> 0, value |-> 42]>>>>
<<"starting process: ", 2, <<[term |-> 0, value |-> 42]>>>>
<<"starting process: ", 3, <<[term |-> 0, value |-> 42]>>>>
<<"starting process: ", 3, <<[term |-> 0, value |-> 42]>>>>
<<"starting process: ", 3, <<[term |-> 0, value |-> 42]>>>>
<<"starting process: ", 2, <<[term |-> 0, value |-> 42]>>>>
<<"starting process: ", 1, <<[term |-> 0, value |-> 42]>>>>
<<"starting process: ", 3, <<[term |-> 0, value |-> 42]>>>>
<<"starting process: ", 1, <<[term |-> 0, value |-> 42]>>>>
<<"starting process: ", 3, <<[term |-> 0, value |-> 42]>>>>
<<"starting process: ", 2, <<[term |-> 0, value |-> 42]>>>>
<<"starting process: ", 2, <<[term |-> 0, value |-> 42]>>>>
<<"starting process: ", 2, <<[term |-> 0, value |-> 42]>>>>
<<"starting process: ", 1, <<[term |-> 0, value |-> 42]>>>>
<<"starting process: ", 3, <<[term |-> 0, value |-> 42]>>>>
<<"starting process: ", 2, <<[term |-> 0, value |-> 42]>>>>
<<"starting process: ", 3, <<[term |-> 0, value |-> 42]>>>>
<<"starting process: ", 3, <<[term |-> 0, value |-> 42]>>>>
<<"starting process: ", 1, <<[term |-> 0, value |-> 42]>>>>
<<"starting process: ", 3, <<[term |-> 0, value |-> 42]>>>>
<<"starting process: ", 2, <<[term |-> 0, value |-> 42]>>>>
<<"starting process: ", 1, <<[term |-> 0, value |-> 42]>>>>
<<"starting process: ", 3, <<[term |-> 0, value |-> 42]>>>>
<<"starting process: ", 2, <<[term |-> 0, value |-> 42]>>>>
<<"starting process: ", 2, <<[term |-> 0, value |-> 42]>>>>
<<"starting process: ", 1, <<[term |-> 0, value |-> 42]>>>>
<<"starting process: ", 3, <<[term |-> 0, value |-> 42]>>>>
<<"numElectMe: ", 1, 3>>
<<"starting process: ", 3, <<[term |-> 0, value |-> 42]>>>>
<<"won election, states: ", 1, <<"leader", "follower", "follower">>>>
<<"starting process: ", 2, <<[term |-> 0, value |-> 42]>>>>
<<"starting process: ", 3, <<[term |-> 0, value |-> 42]>>>>
<<"starting process: ", 1, <<[term |-> 0, value |-> 42]>>>>
<<"starting process: ", 2, <<[term |-> 0, value |-> 42]>>>>
<<"starting process: ", 3, <<[term |-> 0, value |-> 42]>>>>
<<"starting process: ", 2, <<[term |-> 0, value |-> 42]>>>>
<<"starting process: ", 1, <<[term |-> 0, value |-> 42]>>>>
<<"starting process: ", 1, <<[term |-> 0, value |-> 42]>>>>
<<"starting process: ", 3, <<[term |-> 0, value |-> 42]>>>>
<<"starting process: ", 1, <<[term |-> 0, value |-> 42]>>>>
<<"starting process: ", 2, <<[term |-> 0, value |-> 42]>>>>
<<"starting process: ", 3, <<[term |-> 0, value |-> 42]>>>>
<<"starting process: ", 2, <<[term |-> 0, value |-> 42]>>>>
<<"starting process: ", 2, <<[term |-> 0, value |-> 42]>>>>
<<"starting process: ", 1, <<[term |-> 0, value |-> 42]>>>>
<<"starting process: ", 3, <<[term |-> 0, value |-> 42]>>>>
<<"starting process: ", 3, <<[term |-> 0, value |-> 42]>>>>
<<"numElectMe: ", 1, 3>>
<<"starting process: ", 2, <<[term |-> 0, value |-> 42]>>>>
<<"won election, states: ", 1, <<"leader", "follower", "follower">>>>
<<"starting process: ", 3, <<[term |-> 0, value |-> 42]>>>>
<<"numElectMe: ", 1, 3>>
<<"starting process: ", 3, <<[term |-> 0, value |-> 42]>>>>
<<"won election, states: ", 1, <<"leader", "follower", "follower">>>>
<<"starting process: ", 2, <<[term |-> 0, value |-> 42]>>>>
<<"starting process: ", 1, <<[term |-> 0, value |-> 42]>>>>
<<"starting process: ", 2, <<[term |-> 0, value |-> 42]>>>>
<<"starting process: ", 3, <<[term |-> 0, value |-> 42]>>>>
<<"starting process: ", 1, <<[term |-> 0, value |-> 42]>>>>
<<"starting process: ", 2, <<[term |-> 0, value |-> 42]>>>>
<<"starting process: ", 1, <<[term |-> 0, value |-> 42]>>>>
<<"starting process: ", 1, <<[term |-> 0, value |-> 42]>>>>
<<"starting process: ", 1, <<[term |-> 0, value |-> 42]>>>>
<<"starting process: ", 3, <<[term |-> 0, value |-> 42]>>>>
<<"starting process: ", 2, <<[term |-> 0, value |-> 42]>>>>
<<"starting process: ", 3, <<[term |-> 0, value |-> 42]>>>>
<<"starting process: ", 2, <<[term |-> 0, value |-> 42]>>>>
<<"numElectMe: ", 2, 3>>
<<"won election, states: ", 2, <<"follower", "leader", "follower">>>>
<<"starting process: ", 2, <<[term |-> 0, value |-> 42]>>>>
<<"starting process: ", 1, <<[term |-> 0, value |-> 42]>>>>
<<"starting process: ", 3, <<[term |-> 0, value |-> 42]>>>>
<<"numElectMe: ", 2, 3>>
<<"won election, states: ", 2, <<"follower", "leader", "follower">>>>
<<"starting process: ", 3, <<[term |-> 0, value |-> 42]>>>>
<<"starting process: ", 3, <<[term |-> 0, value |-> 42]>>>>
<<"starting process: ", 2, <<[term |-> 0, value |-> 42]>>>>
<<"numElectMe: ", 1, 3>>
<<"won election, states: ", 1, <<"leader", "follower", "follower">>>>
<<"numElectMe: ", 1, 3>>
<<"won election, states: ", 1, <<"leader", "follower", "follower">>>>
<<"starting process: ", 3, <<[term |-> 0, value |-> 42]>>>>
<<"numElectMe: ", 3, 3>>
<<"numElectMe: ", 1, 3>>
<<"won election, states: ", 3, <<"follower", "follower", "leader">>>>
<<"won election, states: ", 1, <<"leader", "follower", "follower">>>>
<<"starting process: ", 1, <<[term |-> 0, value |-> 42]>>>>
<<"starting process: ", 2, <<[term |-> 0, value |-> 42]>>>>
<<"starting process: ", 2, <<[term |-> 0, value |-> 42]>>>>
<<"numElectMe: ", 2, 3>>
<<"starting process: ", 3, <<[term |-> 0, value |-> 42]>>>>
<<"won election, states: ", 2, <<"follower", "leader", "follower">>>>
<<"starting process: ", 1, <<[term |-> 0, value |-> 42]>>>>
<<"starting process: ", 1, <<[term |-> 0, value |-> 42]>>>>
<<"starting process: ", 2, <<[term |-> 0, value |-> 42]>>>>
<<"starting process: ", 1, <<[term |-> 0, value |-> 42]>>>>
<<"starting process: ", 1, <<[term |-> 0, value |-> 42]>>>>
<<"numElectMe: ", 3, 3>>
<<"won election, states: ", 3, <<"follower", "follower", "leader">>>>
<<"starting process: ", 1, <<[term |-> 0, value |-> 42]>>>>
<<"starting process: ", 3, <<[term |-> 0, value |-> 42]>>>>
<<"starting process: ", 2, <<[term |-> 0, value |-> 42]>>>>
<<"numElectMe: ", 3, 3>>
<<"numElectMe: ", 2, 3>>
<<"won election, states: ", 3, <<"follower", "follower", "leader">>>>
<<"won election, states: ", 2, <<"follower", "leader", "follower">>>>
<<"starting process: ", 2, <<[term |-> 0, value |-> 42]>>>>
<<"starting process: ", 3, <<[term |-> 0, value |-> 42]>>>>
<<"starting process: ", 1, <<[term |-> 0, value |-> 42]>>>>
<<"numElectMe: ", 3, 3>>
<<"starting process: ", 3, <<[term |-> 0, value |-> 42]>>>>
<<"won election, states: ", 3, <<"follower", "follower", "leader">>>>
<<"numElectMe: ", 2, 3>>
<<"starting process: ", 2, <<[term |-> 0, value |-> 42]>>>>
<<"won election, states: ", 2, <<"follower", "leader", "follower">>>>
<<"starting process: ", 3, <<[term |-> 0, value |-> 42]>>>>
<<"starting process: ", 3, <<[term |-> 0, value |-> 42]>>>>
<<"starting process: ", 2, <<[term |-> 0, value |-> 42]>>>>
<<"numElectMe: ", 1, 3>>
<<"numElectMe: ", 1, 3>>
<<"won election, states: ", 1, <<"leader", "follower", "follower">>>>
<<"won election, states: ", 1, <<"leader", "follower", "follower">>>>
<<"numElectMe: ", 1, 3>>
<<"won election, states: ", 1, <<"leader", "follower", "follower">>>>
<<"starting process: ", 1, <<[term |-> 0, value |-> 42]>>>>
<<"starting process: ", 2, <<[term |-> 0, value |-> 42]>>>>
<<"numElectMe: ", 3, 3>>
<<"numElectMe: ", 1, 3>>
<<"won election, states: ", 3, <<"follower", "follower", "leader">>>>
<<"won election, states: ", 1, <<"leader", "follower", "follower">>>>
<<"starting process: ", 3, <<[term |-> 0, value |-> 42]>>>>
<<"starting process: ", 2, <<[term |-> 0, value |-> 42]>>>>
<<"starting process: ", 3, <<[term |-> 0, value |-> 42]>>>>
<<"starting process: ", 1, <<[term |-> 0, value |-> 42]>>>>
<<"numElectMe: ", 2, 3>>
<<"won election, states: ", 2, <<"follower", "leader", "follower">>>>
<<"starting process: ", 1, <<[term |-> 0, value |-> 42]>>>>
<<"starting process: ", 1, <<[term |-> 0, value |-> 42]>>>>
<<"starting process: ", 1, <<[term |-> 0, value |-> 42]>>>>
<<"starting process: ", 2, <<[term |-> 0, value |-> 42]>>>>
<<"numElectMe: ", 3, 3>>
<<"won election, states: ", 3, <<"follower", "follower", "leader">>>>
<<"starting process: ", 1, <<[term |-> 0, value |-> 42]>>>>
<<"starting process: ", 1, <<[term |-> 0, value |-> 42]>>>>
<<"numElectMe: ", 2, 3>>
<<"numElectMe: ", 3, 3>>
<<"won election, states: ", 2, <<"follower", "leader", "follower">>>>
<<"won election, states: ", 3, <<"follower", "follower", "leader">>>>
<<"starting process: ", 3, <<[term |-> 0, value |-> 42]>>>>
<<"numElectMe: ", 2, 3>>
<<"starting process: ", 2, <<[term |-> 0, value |-> 42]>>>>
<<"won election, states: ", 2, <<"follower", "leader", "follower">>>>
<<"starting process: ", 2, <<[term |-> 0, value |-> 42]>>>>
<<"numElectMe: ", 3, 3>>
<<"starting process: ", 3, <<[term |-> 0, value |-> 42]>>>>
<<"won election, states: ", 3, <<"follower", "follower", "leader">>>>
<<"numElectMe: ", 2, 3>>
<<"won election, states: ", 2, <<"follower", "leader", "follower">>>>
<<"starting process: ", 3, <<[term |-> 0, value |-> 42]>>>>
<<"starting process: ", 2, <<[term |-> 0, value |-> 42]>>>>
<<"numElectMe: ", 3, 3>>
<<"won election, states: ", 3, <<"follower", "follower", "leader">>>>
<<"numElectMe: ", 1, 3>>
<<"won election, states: ", 1, <<"leader", "follower", "follower">>>>
<<"numElectMe: ", 1, 3>>
<<"won election, states: ", 1, <<"leader", "follower", "follower">>>>
<<"numElectMe: ", 1, 3>>
<<"won election, states: ", 1, <<"leader", "follower", "follower">>>>
<<"numElectMe: ", 1, 3>>
<<"won election, states: ", 1, <<"leader", "follower", "follower">>>>
<<"starting process: ", 3, <<[term |-> 0, value |-> 42]>>>>
<<"numElectMe: ", 1, 3>>
<<"won election, states: ", 1, <<"leader", "follower", "follower">>>>
<<"starting process: ", 2, <<[term |-> 0, value |-> 42]>>>>
<<"numElectMe: ", 2, 3>>
<<"starting process: ", 1, <<[term |-> 0, value |-> 42]>>>>
<<"won election, states: ", 2, <<"follower", "leader", "follower">>>>
<<"numElectMe: ", 2, 3>>
<<"starting process: ", 3, <<[term |-> 0, value |-> 42]>>>>
<<"won election, states: ", 2, <<"follower", "leader", "follower">>>>
<<"starting process: ", 1, <<[term |-> 0, value |-> 42]>>>>
<<"numElectMe: ", 3, 3>>
<<"starting process: ", 1, <<[term |-> 0, value |-> 42]>>>>
<<"won election, states: ", 3, <<"follower", "follower", "leader">>>>
<<"starting process: ", 1, <<[term |-> 0, value |-> 42]>>>>
<<"numElectMe: ", 2, 3>>
<<"won election, states: ", 2, <<"follower", "leader", "follower">>>>
<<"starting process: ", 2, <<[term |-> 0, value |-> 42]>>>>
<<"starting process: ", 1, <<[term |-> 0, value |-> 42]>>>>
<<"numElectMe: ", 3, 3>>
<<"won election, states: ", 3, <<"follower", "follower", "leader">>>>
<<"starting process: ", 2, <<[term |-> 0, value |-> 42]>>>>
<<"numElectMe: ", 3, 3>>
<<"won election, states: ", 3, <<"follower", "follower", "leader">>>>
<<"starting process: ", 3, <<[term |-> 0, value |-> 42]>>>>
<<"starting process: ", 2, <<[term |-> 0, value |-> 42]>>>>
<<"numElectMe: ", 2, 3>>
<<"won election, states: ", 2, <<"follower", "leader", "follower">>>>
<<"numElectMe: ", 3, 3>>
<<"numElectMe: ", 2, 3>>
<<"won election, states: ", 3, <<"follower", "follower", "leader">>>>
<<"won election, states: ", 2, <<"follower", "leader", "follower">>>>
<<"starting process: ", 3, <<[term |-> 0, value |-> 42]>>>>
<<"starting process: ", 2, <<[term |-> 0, value |-> 42]>>>>
<<"numElectMe: ", 3, 3>>
<<"numElectMe: ", 1, 3>>
<<"won election, states: ", 3, <<"follower", "follower", "leader">>>>
<<"won election, states: ", 1, <<"leader", "follower", "follower">>>>
<<"numElectMe: ", 1, 3>>
<<"won election, states: ", 1, <<"leader", "follower", "follower">>>>
<<"numElectMe: ", 1, 3>>
<<"won election, states: ", 1, <<"leader", "follower", "follower">>>>
<<"numElectMe: ", 1, 3>>
<<"won election, states: ", 1, <<"leader", "follower", "follower">>>>
<<"numElectMe: ", 2, 3>>
<<"won election, states: ", 2, <<"follower", "leader", "follower">>>>
<<"starting process: ", 3, <<[term |-> 0, value |-> 42]>>>>
<<"numElectMe: ", 1, 3>>
<<"won election, states: ", 1, <<"leader", "follower", "follower">>>>
<<"numElectMe: ", 3, 3>>
<<"won election, states: ", 3, <<"follower", "follower", "leader">>>>
<<"starting process: ", 2, <<[term |-> 0, value |-> 42]>>>>
<<"numElectMe: ", 1, 3>>
<<"won election, states: ", 1, <<"leader", "follower", "follower">>>>
<<"numElectMe: ", 2, 3>>
<<"won election, states: ", 2, <<"follower", "leader", "follower">>>>
<<"starting process: ", 1, <<[term |-> 0, value |-> 42]>>>>
<<"numElectMe: ", 2, 3>>
<<"won election, states: ", 2, <<"follower", "leader", "follower">>>>
<<"numElectMe: ", 3, 3>>
<<"won election, states: ", 3, <<"follower", "follower", "leader">>>>
<<"starting process: ", 1, <<[term |-> 0, value |-> 42]>>>>
<<"numElectMe: ", 3, 3>>
<<"starting process: ", 1, <<[term |-> 0, value |-> 42]>>>>
<<"won election, states: ", 3, <<"follower", "follower", "leader">>>>
<<"starting process: ", 1, <<[term |-> 0, value |-> 42]>>>>
<<"numElectMe: ", 2, 3>>
<<"won election, states: ", 2, <<"follower", "leader", "follower">>>>
<<"starting process: ", 3, <<[term |-> 0, value |-> 42]>>>>
<<"numElectMe: ", 3, 3>>
<<"won election, states: ", 3, <<"follower", "follower", "leader">>>>
<<"numElectMe: ", 2, 3>>
<<"won election, states: ", 2, <<"follower", "leader", "follower">>>>
<<"starting process: ", 2, <<[term |-> 0, value |-> 42]>>>>
<<"numElectMe: ", 3, 3>>
<<"won election, states: ", 3, <<"follower", "follower", "leader">>>>
<<"numElectMe: ", 2, 3>>
<<"numElectMe: ", 2, 3>>
<<"won election, states: ", 2, <<"follower", "leader", "follower">>>>
<<"won election, states: ", 2, <<"follower", "leader", "follower">>>>
<<"numElectMe: ", 3, 3>>
<<"starting process: ", 3, <<[term |-> 0, value |-> 42]>>>>
<<"won election, states: ", 3, <<"follower", "follower", "leader">>>>
<<"starting process: ", 2, <<[term |-> 0, value |-> 42]>>>>
<<"numElectMe: ", 3, 3>>
<<"numElectMe: ", 1, 3>>
<<"won election, states: ", 3, <<"follower", "follower", "leader">>>>
<<"won election, states: ", 1, <<"leader", "follower", "follower">>>>
<<"numElectMe: ", 2, 3>>
<<"numElectMe: ", 1, 3>>
<<"numElectMe: ", 1, 3>>
<<"won election, states: ", 2, <<"follower", "leader", "follower">>>>
<<"won election, states: ", 1, <<"leader", "follower", "follower">>>>
<<"won election, states: ", 1, <<"leader", "follower", "follower">>>>
<<"numElectMe: ", 1, 3>>
<<"won election, states: ", 1, <<"leader", "follower", "follower">>>>
<<"numElectMe: ", 3, 3>>
<<"won election, states: ", 3, <<"follower", "follower", "leader">>>>
<<"numElectMe: ", 1, 3>>
<<"won election, states: ", 1, <<"leader", "follower", "follower">>>>
<<"numElectMe: ", 1, 3>>
<<"won election, states: ", 1, <<"leader", "follower", "follower">>>>
<<"starting process: ", 2, <<[term |-> 0, value |-> 42]>>>>
<<"numElectMe: ", 2, 3>>
<<"numElectMe: ", 1, 3>>
<<"won election, states: ", 2, <<"follower", "leader", "follower">>>>
<<"won election, states: ", 1, <<"leader", "follower", "follower">>>>
<<"starting process: ", 3, <<[term |-> 0, value |-> 42]>>>>
<<"numElectMe: ", 3, 3>>
<<"won election, states: ", 3, <<"follower", "follower", "leader">>>>
<<"starting process: ", 1, <<[term |-> 0, value |-> 42]>>>>
<<"numElectMe: ", 2, 3>>
<<"won election, states: ", 2, <<"follower", "leader", "follower">>>>
<<"numElectMe: ", 3, 3>>
<<"won election, states: ", 3, <<"follower", "follower", "leader">>>>
<<"starting process: ", 1, <<[term |-> 0, value |-> 42]>>>>
<<"starting process: ", 1, <<[term |-> 0, value |-> 42]>>>>
<<"numElectMe: ", 2, 3>>
<<"won election, states: ", 2, <<"follower", "leader", "follower">>>>
<<"numElectMe: ", 3, 3>>
<<"won election, states: ", 3, <<"follower", "follower", "leader">>>>
<<"numElectMe: ", 2, 3>>
<<"won election, states: ", 2, <<"follower", "leader", "follower">>>>
<<"numElectMe: ", 3, 3>>
<<"won election, states: ", 3, <<"follower", "follower", "leader">>>>
<<"numElectMe: ", 2, 3>>
<<"won election, states: ", 2, <<"follower", "leader", "follower">>>>
<<"numElectMe: ", 3, 3>>
<<"won election, states: ", 3, <<"follower", "follower", "leader">>>>
<<"starting process: ", 3, <<[term |-> 0, value |-> 42]>>>>
<<"numElectMe: ", 2, 3>>
<<"won election, states: ", 2, <<"follower", "leader", "follower">>>>
<<"starting process: ", 2, <<[term |-> 0, value |-> 42]>>>>
<<"numElectMe: ", 3, 3>>
<<"won election, states: ", 3, <<"follower", "follower", "leader">>>>
<<"numElectMe: ", 1, 3>>
<<"numElectMe: ", 1, 3>>
<<"won election, states: ", 1, <<"leader", "follower", "follower">>>>
<<"won election, states: ", 1, <<"leader", "follower", "follower">>>>
<<"numElectMe: ", 2, 3>>
<<"numElectMe: ", 1, 3>>
<<"numElectMe: ", 1, 3>>
<<"won election, states: ", 2, <<"follower", "leader", "follower">>>>
<<"won election, states: ", 1, <<"leader", "follower", "follower">>>>
<<"won election, states: ", 1, <<"leader", "follower", "follower">>>>
<<"numElectMe: ", 1, 3>>
<<"won election, states: ", 1, <<"leader", "follower", "follower">>>>
<<"numElectMe: ", 1, 3>>
<<"starting process: ", 3, <<[term |-> 0, value |-> 42]>>>>
<<"won election, states: ", 1, <<"leader", "follower", "follower">>>>
<<"starting process: ", 2, <<[term |-> 0, value |-> 42]>>>>
<<"numElectMe: ", 3, 3>>
<<"numElectMe: ", 2, 3>>
<<"won election, states: ", 3, <<"follower", "follower", "leader">>>>
<<"won election, states: ", 2, <<"follower", "leader", "follower">>>>
<<"numElectMe: ", 3, 3>>
<<"won election, states: ", 3, <<"follower", "follower", "leader">>>>
<<"numElectMe: ", 3, 3>>
<<"starting process: ", 1, <<[term |-> 0, value |-> 42]>>>>
<<"won election, states: ", 3, <<"follower", "follower", "leader">>>>
<<"numElectMe: ", 2, 3>>
<<"won election, states: ", 2, <<"follower", "leader", "follower">>>>
<<"starting process: ", 1, <<[term |-> 0, value |-> 42]>>>>
<<"numElectMe: ", 2, 3>>
<<"won election, states: ", 2, <<"follower", "leader", "follower">>>>
<<"numElectMe: ", 3, 3>>
<<"won election, states: ", 3, <<"follower", "follower", "leader">>>>
<<"numElectMe: ", 2, 3>>
<<"won election, states: ", 2, <<"follower", "leader", "follower">>>>
<<"numElectMe: ", 3, 3>>
<<"won election, states: ", 3, <<"follower", "follower", "leader">>>>
<<"numElectMe: ", 3, 3>>
<<"won election, states: ", 3, <<"follower", "follower", "leader">>>>
<<"numElectMe: ", 2, 3>>
<<"won election, states: ", 2, <<"follower", "leader", "follower">>>>
<<"numElectMe: ", 2, 3>>
<<"numElectMe: ", 3, 3>>
<<"won election, states: ", 2, <<"follower", "leader", "follower">>>>
<<"won election, states: ", 3, <<"follower", "follower", "leader">>>>
<<"numElectMe: ", 1, 3>>
<<"won election, states: ", 1, <<"leader", "follower", "follower">>>>
<<"numElectMe: ", 1, 3>>
<<"won election, states: ", 1, <<"leader", "follower", "follower">>>>
<<"numElectMe: ", 2, 3>>
<<"numElectMe: ", 1, 3>>
<<"won election, states: ", 2, <<"follower", "leader", "follower">>>>
<<"won election, states: ", 1, <<"leader", "follower", "follower">>>>
<<"numElectMe: ", 1, 3>>
<<"numElectMe: ", 1, 3>>
<<"won election, states: ", 1, <<"leader", "follower", "follower">>>>
<<"won election, states: ", 1, <<"leader", "follower", "follower">>>>
<<"numElectMe: ", 2, 3>>
<<"numElectMe: ", 3, 3>>
<<"won election, states: ", 2, <<"follower", "leader", "follower">>>>
<<"won election, states: ", 3, <<"follower", "follower", "leader">>>>
<<"starting process: ", 1, <<[term |-> 0, value |-> 42]>>>>
<<"starting process: ", 1, <<[term |-> 0, value |-> 42]>>>>
<<"numElectMe: ", 2, 3>>
<<"won election, states: ", 2, <<"follower", "leader", "follower">>>>
<<"numElectMe: ", 3, 3>>
<<"won election, states: ", 3, <<"follower", "follower", "leader">>>>
<<"numElectMe: ", 2, 3>>
<<"won election, states: ", 2, <<"follower", "leader", "follower">>>>
<<"numElectMe: ", 3, 3>>
<<"numElectMe: ", 2, 3>>
<<"won election, states: ", 3, <<"follower", "follower", "leader">>>>
<<"won election, states: ", 2, <<"follower", "leader", "follower">>>>
<<"numElectMe: ", 3, 3>>
<<"numElectMe: ", 3, 3>>
<<"won election, states: ", 3, <<"follower", "follower", "leader">>>>
<<"won election, states: ", 3, <<"follower", "follower", "leader">>>>
<<"numElectMe: ", 1, 3>>
<<"won election, states: ", 1, <<"leader", "follower", "follower">>>>
<<"numElectMe: ", 2, 3>>
<<"numElectMe: ", 1, 3>>
<<"won election, states: ", 2, <<"follower", "leader", "follower">>>>
<<"won election, states: ", 1, <<"leader", "follower", "follower">>>>
<<"numElectMe: ", 3, 3>>
<<"numElectMe: ", 1, 3>>
<<"won election, states: ", 1, <<"leader", "follower", "follower">>>>
<<"numElectMe: ", 1, 3>>
<<"won election, states: ", 1, <<"leader", "follower", "follower">>>>
<<"numElectMe: ", 2, 3>>
<<"won election, states: ", 2, <<"follower", "leader", "follower">>>>
<<"numElectMe: ", 3, 3>>
<<"won election, states: ", 3, <<"follower", "follower", "leader">>>>
<<"numElectMe: ", 3, 3>>
<<"numElectMe: ", 2, 3>>
<<"won election, states: ", 3, <<"follower", "follower", "leader">>>>
<<"won election, states: ", 2, <<"follower", "leader", "follower">>>>
<<"won election, states: ", 3, <<"follower", "follower", "leader">>>>
<<"numElectMe: ", 2, 3>>
<<"won election, states: ", 2, <<"follower", "leader", "follower">>>>
<<"numElectMe: ", 3, 3>>
<<"won election, states: ", 3, <<"follower", "follower", "leader">>>>
<<"numElectMe: ", 1, 3>>
<<"numElectMe: ", 1, 3>>
<<"won election, states: ", 1, <<"leader", "follower", "follower">>>>
<<"won election, states: ", 1, <<"leader", "follower", "follower">>>>
<<"numElectMe: ", 2, 3>>
<<"won election, states: ", 2, <<"follower", "leader", "follower">>>>
<<"numElectMe: ", 3, 3>>
<<"won election, states: ", 3, <<"follower", "follower", "leader">>>>
<<"numElectMe: ", 3, 3>>
<<"numElectMe: ", 1, 3>>
<<"won election, states: ", 3, <<"follower", "follower", "leader">>>>
<<"won election, states: ", 1, <<"leader", "follower", "follower">>>>
<<"numElectMe: ", 2, 3>>
<<"won election, states: ", 2, <<"follower", "leader", "follower">>>>
<<"numElectMe: ", 2, 3>>
<<"won election, states: ", 2, <<"follower", "leader", "follower">>>>
<<"numElectMe: ", 3, 3>>
<<"won election, states: ", 3, <<"follower", "follower", "leader">>>>
<<"numElectMe: ", 1, 3>>
<<"won election, states: ", 1, <<"leader", "follower", "follower">>>>
<<"numElectMe: ", 3, 3>>
<<"won election, states: ", 3, <<"follower", "follower", "leader">>>>
<<"numElectMe: ", 1, 3>>
<<"won election, states: ", 1, <<"leader", "follower", "follower">>>>
<<"numElectMe: ", 3, 3>>
<<"numElectMe: ", 2, 3>>
<<"numElectMe: ", 2, 3>>
<<"won election, states: ", 2, <<"follower", "leader", "follower">>>>
<<"won election, states: ", 2, <<"follower", "leader", "follower">>>>
<<"numElectMe: ", 3, 3>>
<<"won election, states: ", 3, <<"follower", "follower", "leader">>>>
<<"numElectMe: ", 2, 3>>
<<"won election, states: ", 3, <<"follower", "follower", "leader">>>>
<<"won election, states: ", 2, <<"follower", "leader", "follower">>>>
<<"numElectMe: ", 1, 3>>
<<"numElectMe: ", 1, 3>>
<<"won election, states: ", 1, <<"leader", "follower", "follower">>>>
<<"won election, states: ", 1, <<"leader", "follower", "follower">>>>
@!@!@STARTMSG 2193:0 @!@!@
Model checking completed. No error has been found.
  Estimates of the probability that TLC did not check all reachable states
  because two distinct states had the same fingerprint:
  calculated (optimistic):  val = 1.1E-14
  based on the actual fingerprints:  val = 4.5E-15
@!@!@ENDMSG 2193 @!@!@
@!@!@STARTMSG 2201:0 @!@!@
The coverage statistics at 2019-03-04 08:58:08
@!@!@ENDMSG 2201 @!@!@
@!@!@STARTMSG 2221:0 @!@!@
  line 116, col 43 to line 116, col 106 of module RaftMongo: 450
@!@!@ENDMSG 2221 @!@!@
@!@!@STARTMSG 2221:0 @!@!@
  line 118, col 53 to line 118, col 62 of module RaftMongo: 0
@!@!@ENDMSG 2221 @!@!@
@!@!@STARTMSG 2221:0 @!@!@
  line 119, col 28 to line 119, col 82 of module RaftMongo: 450
@!@!@ENDMSG 2221 @!@!@
@!@!@STARTMSG 2221:0 @!@!@
  line 120, col 28 to line 120, col 60 of module RaftMongo: 450
@!@!@ENDMSG 2221 @!@!@
@!@!@STARTMSG 2221:0 @!@!@
  line 121, col 41 to line 121, col 57 of module RaftMongo: 450
@!@!@ENDMSG 2221 @!@!@
@!@!@STARTMSG 2221:0 @!@!@
  line 121, col 60 to line 121, col 65 of module RaftMongo: 450
@!@!@ENDMSG 2221 @!@!@
@!@!@STARTMSG 2221:0 @!@!@
  line 124, col 39 to line 124, col 80 of module RaftMongo: 150
@!@!@ENDMSG 2221 @!@!@
@!@!@STARTMSG 2221:0 @!@!@
  line 125, col 39 to line 125, col 104 of module RaftMongo: 150
@!@!@ENDMSG 2221 @!@!@
@!@!@STARTMSG 2221:0 @!@!@
  line 128, col 52 to line 128, col 68 of module RaftMongo: 0
@!@!@ENDMSG 2221 @!@!@
@!@!@STARTMSG 2221:0 @!@!@
  line 128, col 71 to line 128, col 76 of module RaftMongo: 0
@!@!@ENDMSG 2221 @!@!@
@!@!@STARTMSG 2221:0 @!@!@
  line 129, col 28 to line 129, col 62 of module RaftMongo: 150
@!@!@ENDMSG 2221 @!@!@
@!@!@STARTMSG 2221:0 @!@!@
  line 130, col 41 to line 130, col 50 of module RaftMongo: 150
@!@!@ENDMSG 2221 @!@!@
@!@!@STARTMSG 2221:0 @!@!@
  line 130, col 53 to line 130, col 59 of module RaftMongo: 150
@!@!@ENDMSG 2221 @!@!@
@!@!@STARTMSG 2221:0 @!@!@
  line 131, col 30 to line 131, col 34 of module RaftMongo: 600
@!@!@ENDMSG 2221 @!@!@
@!@!@STARTMSG 2221:0 @!@!@
  line 131, col 37 to line 131, col 40 of module RaftMongo: 600
@!@!@ENDMSG 2221 @!@!@
@!@!@STARTMSG 2221:0 @!@!@
  line 131, col 43 to line 131, col 47 of module RaftMongo: 600
@!@!@ENDMSG 2221 @!@!@
@!@!@STARTMSG 2221:0 @!@!@
  line 137, col 17 to line 137, col 49 of module RaftMongo: 150
@!@!@ENDMSG 2221 @!@!@
@!@!@STARTMSG 2221:0 @!@!@
  line 138, col 30 to line 138, col 46 of module RaftMongo: 150
@!@!@ENDMSG 2221 @!@!@
@!@!@STARTMSG 2221:0 @!@!@
  line 138, col 49 to line 138, col 53 of module RaftMongo: 150
@!@!@ENDMSG 2221 @!@!@
@!@!@STARTMSG 2221:0 @!@!@
  line 138, col 56 to line 138, col 59 of module RaftMongo: 150
@!@!@ENDMSG 2221 @!@!@
@!@!@STARTMSG 2221:0 @!@!@
  line 138, col 62 to line 138, col 67 of module RaftMongo: 150
@!@!@ENDMSG 2221 @!@!@
@!@!@STARTMSG 2221:0 @!@!@
  line 138, col 70 to line 138, col 74 of module RaftMongo: 150
@!@!@ENDMSG 2221 @!@!@
@!@!@STARTMSG 2221:0 @!@!@
  line 139, col 30 to line 139, col 39 of module RaftMongo: 150
@!@!@ENDMSG 2221 @!@!@
@!@!@STARTMSG 2221:0 @!@!@
  line 139, col 42 to line 139, col 48 of module RaftMongo: 150
@!@!@ENDMSG 2221 @!@!@
@!@!@STARTMSG 2221:0 @!@!@
  line 142, col 17 to line 146, col 65 of module RaftMongo: 150
@!@!@ENDMSG 2221 @!@!@
@!@!@STARTMSG 2221:0 @!@!@
  line 147, col 17 to line 147, col 61 of module RaftMongo: 150
@!@!@ENDMSG 2221 @!@!@
@!@!@STARTMSG 2221:0 @!@!@
  line 148, col 17 to line 148, col 55 of module RaftMongo: 150
@!@!@ENDMSG 2221 @!@!@
@!@!@STARTMSG 2221:0 @!@!@
  line 149, col 17 to line 149, col 49 of module RaftMongo: 150
@!@!@ENDMSG 2221 @!@!@
@!@!@STARTMSG 2221:0 @!@!@
  line 150, col 30 to line 150, col 46 of module RaftMongo: 150
@!@!@ENDMSG 2221 @!@!@
@!@!@STARTMSG 2221:0 @!@!@
  line 150, col 49 to line 150, col 53 of module RaftMongo: 150
@!@!@ENDMSG 2221 @!@!@
@!@!@STARTMSG 2221:0 @!@!@
  line 150, col 56 to line 150, col 59 of module RaftMongo: 150
@!@!@ENDMSG 2221 @!@!@
@!@!@STARTMSG 2221:0 @!@!@
  line 150, col 62 to line 150, col 67 of module RaftMongo: 150
@!@!@ENDMSG 2221 @!@!@
@!@!@STARTMSG 2221:0 @!@!@
  line 95, col 12 to line 95, col 28 of module RaftMongo: 0
@!@!@ENDMSG 2221 @!@!@
@!@!@STARTMSG 2221:0 @!@!@
  line 95, col 31 to line 95, col 35 of module RaftMongo: 0
@!@!@ENDMSG 2221 @!@!@
@!@!@STARTMSG 2221:0 @!@!@
  line 95, col 38 to line 95, col 41 of module RaftMongo: 0
@!@!@ENDMSG 2221 @!@!@
@!@!@STARTMSG 2221:0 @!@!@
  line 95, col 44 to line 95, col 49 of module RaftMongo: 0
@!@!@ENDMSG 2221 @!@!@
@!@!@STARTMSG 2221:0 @!@!@
  line 95, col 52 to line 95, col 53 of module RaftMongo: 0
@!@!@ENDMSG 2221 @!@!@
@!@!@STARTMSG 2221:0 @!@!@
  line 95, col 56 to line 95, col 60 of module RaftMongo: 0
@!@!@ENDMSG 2221 @!@!@
@!@!@STARTMSG 2221:0 @!@!@
  line 95, col 63 to line 95, col 72 of module RaftMongo: 0
@!@!@ENDMSG 2221 @!@!@
@!@!@STARTMSG 2221:0 @!@!@
  line 96, col 12 to line 96, col 18 of module RaftMongo: 0
@!@!@ENDMSG 2221 @!@!@
@!@!@STARTMSG 2202:0 @!@!@
End of statistics.
@!@!@ENDMSG 2202 @!@!@
@!@!@STARTMSG 2200:0 @!@!@
Progress(19) at 2019-03-04 08:58:08: 901 states generated (25,214 s/min), 363 distinct states found (10,158 ds/min), 0 states left on queue.
@!@!@ENDMSG 2200 @!@!@
@!@!@STARTMSG 2199:0 @!@!@
901 states generated, 363 distinct states found, 0 states left on queue.
@!@!@ENDMSG 2199 @!@!@
@!@!@STARTMSG 2194:0 @!@!@
The depth of the complete state graph search is 19.
@!@!@ENDMSG 2194 @!@!@
@!@!@STARTMSG 2268:0 @!@!@
The average outdegree of the complete state graph is 1 (minimum is 0, the maximum 3 and the 95th percentile is 2).
@!@!@ENDMSG 2268 @!@!@
@!@!@STARTMSG 2186:0 @!@!@
Finished in 2298ms at (2019-03-04 08:58:08)
@!@!@ENDMSG 2186 @!@!@
