@!@!@STARTMSG 2262:0 @!@!@
TLC2 Version 2.13 of 18 July 2018
@!@!@ENDMSG 2262 @!@!@
@!@!@STARTMSG 2187:0 @!@!@
Running breadth-first search Model-Checking with seed -4317990132585746879 with 3 workers on 6 cores with 650MB heap and 1295MB offheap memory (Linux 4.18.0-15-generic amd64, Oracle Corporation 10.0.2 x86_64).
@!@!@ENDMSG 2187 @!@!@
@!@!@STARTMSG 2220:0 @!@!@
Starting SANY...
@!@!@ENDMSG 2220 @!@!@
Parsing file /home/guo/mongo-repl-tla/RaftMongo.toolbox/Model_1/MC.tla
Parsing file /home/guo/mongo-repl-tla/RaftMongo.toolbox/Model_1/RaftMongo.tla
Parsing file /opt/tla-toolbox/plugins/org.lamport.tlatools_1.0.0.201807180447/tla2sany/StandardModules/TLC.tla
Parsing file /opt/tla-toolbox/plugins/org.lamport.tlatools_1.0.0.201807180447/tla2sany/StandardModules/Naturals.tla
Parsing file /opt/tla-toolbox/plugins/org.lamport.tlatools_1.0.0.201807180447/tla2sany/StandardModules/FiniteSets.tla
Parsing file /opt/tla-toolbox/plugins/org.lamport.tlatools_1.0.0.201807180447/tla2sany/StandardModules/Sequences.tla
Semantic processing of module Naturals
Semantic processing of module Sequences
Semantic processing of module FiniteSets
Semantic processing of module TLC
Semantic processing of module RaftMongo
Semantic processing of module MC
@!@!@STARTMSG 2219:0 @!@!@
SANY finished.
@!@!@ENDMSG 2219 @!@!@
@!@!@STARTMSG 2185:0 @!@!@
Starting... (2019-03-04 08:51:04)
@!@!@ENDMSG 2185 @!@!@
@!@!@STARTMSG 2189:0 @!@!@
Computing initial states...
@!@!@ENDMSG 2189 @!@!@
@!@!@STARTMSG 2190:0 @!@!@
Finished computing initial states: 1 distinct state generated.
@!@!@ENDMSG 2190 @!@!@
<<"starting process: ", 1, <<[term |-> 0, value |-> 42]>>>>
<<"starting process: ", 2, <<[term |-> 0, value |-> 42]>>>>
<<"starting process: ", 1, <<[term |-> 0, value |-> 42]>>>>
<<"starting process: ", 2, <<[term |-> 0, value |-> 42]>>>>
<<"starting process: ", 2, <<[term |-> 0, value |-> 42]>>>>
<<"starting process: ", 1, <<[term |-> 0, value |-> 42]>>>>
<<"starting process: ", 2, <<[term |-> 0, value |-> 42]>>>>
<<"starting process: ", 1, <<[term |-> 0, value |-> 42]>>>>
@!@!@STARTMSG 1000:1 @!@!@
TLC threw an unexpected exception.
This was probably caused by an error in the spec or model.
See the User Output or TLC Console for clues to what happened.
The exception was a java.lang.RuntimeException
: Attempted to check if the value:
2
is an element of the function <<{"follower", "leader", "candidate"}, {"follower", "leader", "candidate"}>>
@!@!@ENDMSG 1000 @!@!@
@!@!@STARTMSG 2121:1 @!@!@
The behavior up to this point is:
@!@!@ENDMSG 2121 @!@!@
<<"starting process: ", 1, <<[term |-> 0, value |-> 42]>>>>
<<"starting process: ", 2, <<[term |-> 0, value |-> 42]>>>>
<<"starting process: ", 1, <<[term |-> 0, value |-> 42]>>>>
@!@!@STARTMSG 2217:4 @!@!@
1: <Initial predicate>
/\ states = <<{"follower", "leader", "candidate"}, {"follower", "leader", "candidate"}>>
/\ curNode = <<1, 1>>
/\ stack = <<<<>>, <<>>>>
/\ rVals = <<{0}, {0}>>
/\ globalCurrentTerm = 0
/\ numElectMe = <<0, 0>>
/\ pc = <<"pr0", "pr0">>
/\ logs = <<<<[term |-> 0, value |-> 42]>>, <<[term |-> 0, value |-> 42]>>>>

@!@!@ENDMSG 2217 @!@!@
@!@!@STARTMSG 2217:4 @!@!@
2: <pr0 line 132, col 14 to line 136, col 51 of module RaftMongo>
/\ states = <<{"follower", "leader", "candidate"}, {"follower", "leader", "candidate"}>>
/\ curNode = <<1, 1>>
/\ stack = <<<<>>, <<>>>>
/\ rVals = <<{0}, {0}>>
/\ globalCurrentTerm = 0
/\ numElectMe = <<0, 0>>
/\ pc = <<"pr0", "pr1">>
/\ logs = <<<<[term |-> 0, value |-> 42]>>, <<[term |-> 0, value |-> 42]>>>>

@!@!@ENDMSG 2217 @!@!@
@!@!@STARTMSG 2217:4 @!@!@
3: <pr1 line 138, col 14 to line 147, col 70 of module RaftMongo>
/\ states = <<{"follower", "leader", "candidate"}, {"follower", "leader", "candidate"}>>
/\ curNode = <<1, 1>>
/\ stack = << <<>>,
   << [ pc |-> "Done",
        numElectMe |-> 0,
        curNode |-> 1,
        procedure |-> "instantElection" ] >> >>
/\ rVals = <<{0}, {0}>>
/\ globalCurrentTerm = 0
/\ numElectMe = <<0, 0>>
/\ pc = <<"pr0", "el0">>
/\ logs = <<<<[term |-> 0, value |-> 42]>>, <<[term |-> 0, value |-> 42]>>>>

@!@!@ENDMSG 2217 @!@!@
@!@!@STARTMSG 2217:4 @!@!@
4: <el0 line 110, col 14 to line 128, col 50 of module RaftMongo>
/\ states = <<{"follower", "leader", "candidate"}, {"follower", "leader", "candidate"}>>
/\ curNode = <<1, 2>>
/\ stack = << <<>>,
   << [ pc |-> "Done",
        numElectMe |-> 0,
        curNode |-> 1,
        procedure |-> "instantElection" ] >> >>
/\ rVals = <<{0}, {0}>>
/\ globalCurrentTerm = 0
/\ numElectMe = <<0, 1>>
/\ pc = <<"pr0", "el0">>
/\ logs = <<<<[term |-> 0, value |-> 42]>>, <<[term |-> 0, value |-> 42]>>>>

@!@!@ENDMSG 2217 @!@!@
@!@!@STARTMSG 2217:4 @!@!@
5: <el0 line 110, col 14 to line 128, col 50 of module RaftMongo>
/\ states = <<{"follower", "leader", "candidate"}, {"follower", "leader", "candidate"}>>
/\ curNode = <<1, 3>>
/\ stack = << <<>>,
   << [ pc |-> "Done",
        numElectMe |-> 0,
        curNode |-> 1,
        procedure |-> "instantElection" ] >> >>
/\ rVals = <<{0}, {0}>>
/\ globalCurrentTerm = 0
/\ numElectMe = <<0, 2>>
/\ pc = <<"pr0", "el0">>
/\ logs = <<<<[term |-> 0, value |-> 42]>>, <<[term |-> 0, value |-> 42]>>>>

@!@!@ENDMSG 2217 @!@!@
@!@!@STARTMSG 2147:1 @!@!@
TLC was unable to fingerprint.

Fingerprint Stack Trace:
0) line 123, col 50 to line 123, col 80 of module RaftMongo

Reason:
Attempted to check if the value:
2
is an element of the function <<{"follower", "leader", "candidate"}, {"follower", "leader", "candidate"}>>
@!@!@ENDMSG 2147 @!@!@
@!@!@STARTMSG 2201:0 @!@!@
The coverage statistics at 2019-03-04 08:51:04
@!@!@ENDMSG 2201 @!@!@
@!@!@STARTMSG 2221:0 @!@!@
  line 115, col 43 to line 115, col 106 of module RaftMongo: 10
@!@!@ENDMSG 2221 @!@!@
@!@!@STARTMSG 2221:0 @!@!@
  line 117, col 53 to line 117, col 62 of module RaftMongo: 0
@!@!@ENDMSG 2221 @!@!@
@!@!@STARTMSG 2221:0 @!@!@
  line 118, col 28 to line 118, col 82 of module RaftMongo: 10
@!@!@ENDMSG 2221 @!@!@
@!@!@STARTMSG 2221:0 @!@!@
  line 119, col 28 to line 119, col 60 of module RaftMongo: 10
@!@!@ENDMSG 2221 @!@!@
@!@!@STARTMSG 2221:0 @!@!@
  line 120, col 41 to line 120, col 57 of module RaftMongo: 10
@!@!@ENDMSG 2221 @!@!@
@!@!@STARTMSG 2221:0 @!@!@
  line 120, col 60 to line 120, col 65 of module RaftMongo: 10
@!@!@ENDMSG 2221 @!@!@
@!@!@STARTMSG 2221:0 @!@!@
  line 122, col 39 to line 122, col 80 of module RaftMongo: 0
@!@!@ENDMSG 2221 @!@!@
@!@!@STARTMSG 2221:0 @!@!@
  line 123, col 39 to line 123, col 105 of module RaftMongo: 0
@!@!@ENDMSG 2221 @!@!@
@!@!@STARTMSG 2221:0 @!@!@
  line 125, col 52 to line 125, col 68 of module RaftMongo: 0
@!@!@ENDMSG 2221 @!@!@
@!@!@STARTMSG 2221:0 @!@!@
  line 125, col 71 to line 125, col 76 of module RaftMongo: 0
@!@!@ENDMSG 2221 @!@!@
@!@!@STARTMSG 2221:0 @!@!@
  line 126, col 28 to line 126, col 62 of module RaftMongo: 0
@!@!@ENDMSG 2221 @!@!@
@!@!@STARTMSG 2221:0 @!@!@
  line 127, col 41 to line 127, col 50 of module RaftMongo: 0
@!@!@ENDMSG 2221 @!@!@
@!@!@STARTMSG 2221:0 @!@!@
  line 127, col 53 to line 127, col 59 of module RaftMongo: 0
@!@!@ENDMSG 2221 @!@!@
@!@!@STARTMSG 2221:0 @!@!@
  line 128, col 30 to line 128, col 34 of module RaftMongo: 10
@!@!@ENDMSG 2221 @!@!@
@!@!@STARTMSG 2221:0 @!@!@
  line 128, col 37 to line 128, col 40 of module RaftMongo: 10
@!@!@ENDMSG 2221 @!@!@
@!@!@STARTMSG 2221:0 @!@!@
  line 128, col 43 to line 128, col 47 of module RaftMongo: 10
@!@!@ENDMSG 2221 @!@!@
@!@!@STARTMSG 2221:0 @!@!@
  line 134, col 17 to line 134, col 49 of module RaftMongo: 8
@!@!@ENDMSG 2221 @!@!@
@!@!@STARTMSG 2221:0 @!@!@
  line 135, col 30 to line 135, col 46 of module RaftMongo: 8
@!@!@ENDMSG 2221 @!@!@
@!@!@STARTMSG 2221:0 @!@!@
  line 135, col 49 to line 135, col 53 of module RaftMongo: 8
@!@!@ENDMSG 2221 @!@!@
@!@!@STARTMSG 2221:0 @!@!@
  line 135, col 56 to line 135, col 59 of module RaftMongo: 8
@!@!@ENDMSG 2221 @!@!@
@!@!@STARTMSG 2221:0 @!@!@
  line 135, col 62 to line 135, col 67 of module RaftMongo: 8
@!@!@ENDMSG 2221 @!@!@
@!@!@STARTMSG 2221:0 @!@!@
  line 135, col 70 to line 135, col 74 of module RaftMongo: 8
@!@!@ENDMSG 2221 @!@!@
@!@!@STARTMSG 2221:0 @!@!@
  line 136, col 30 to line 136, col 39 of module RaftMongo: 8
@!@!@ENDMSG 2221 @!@!@
@!@!@STARTMSG 2221:0 @!@!@
  line 136, col 42 to line 136, col 48 of module RaftMongo: 8
@!@!@ENDMSG 2221 @!@!@
@!@!@STARTMSG 2221:0 @!@!@
  line 139, col 17 to line 143, col 65 of module RaftMongo: 8
@!@!@ENDMSG 2221 @!@!@
@!@!@STARTMSG 2221:0 @!@!@
  line 144, col 17 to line 144, col 61 of module RaftMongo: 8
@!@!@ENDMSG 2221 @!@!@
@!@!@STARTMSG 2221:0 @!@!@
  line 145, col 17 to line 145, col 55 of module RaftMongo: 8
@!@!@ENDMSG 2221 @!@!@
@!@!@STARTMSG 2221:0 @!@!@
  line 146, col 17 to line 146, col 49 of module RaftMongo: 8
@!@!@ENDMSG 2221 @!@!@
@!@!@STARTMSG 2221:0 @!@!@
  line 147, col 30 to line 147, col 46 of module RaftMongo: 8
@!@!@ENDMSG 2221 @!@!@
@!@!@STARTMSG 2221:0 @!@!@
  line 147, col 49 to line 147, col 53 of module RaftMongo: 8
@!@!@ENDMSG 2221 @!@!@
@!@!@STARTMSG 2221:0 @!@!@
  line 147, col 56 to line 147, col 59 of module RaftMongo: 8
@!@!@ENDMSG 2221 @!@!@
@!@!@STARTMSG 2221:0 @!@!@
  line 147, col 62 to line 147, col 67 of module RaftMongo: 8
@!@!@ENDMSG 2221 @!@!@
@!@!@STARTMSG 2221:0 @!@!@
  line 94, col 12 to line 94, col 28 of module RaftMongo: 0
@!@!@ENDMSG 2221 @!@!@
@!@!@STARTMSG 2221:0 @!@!@
  line 94, col 31 to line 94, col 35 of module RaftMongo: 0
@!@!@ENDMSG 2221 @!@!@
@!@!@STARTMSG 2221:0 @!@!@
  line 94, col 38 to line 94, col 41 of module RaftMongo: 0
@!@!@ENDMSG 2221 @!@!@
@!@!@STARTMSG 2221:0 @!@!@
  line 94, col 44 to line 94, col 49 of module RaftMongo: 0
@!@!@ENDMSG 2221 @!@!@
@!@!@STARTMSG 2221:0 @!@!@
  line 94, col 52 to line 94, col 53 of module RaftMongo: 0
@!@!@ENDMSG 2221 @!@!@
@!@!@STARTMSG 2221:0 @!@!@
  line 94, col 56 to line 94, col 60 of module RaftMongo: 0
@!@!@ENDMSG 2221 @!@!@
@!@!@STARTMSG 2221:0 @!@!@
  line 94, col 63 to line 94, col 72 of module RaftMongo: 0
@!@!@ENDMSG 2221 @!@!@
@!@!@STARTMSG 2221:0 @!@!@
  line 95, col 12 to line 95, col 18 of module RaftMongo: 0
@!@!@ENDMSG 2221 @!@!@
@!@!@STARTMSG 2202:0 @!@!@
End of statistics.
@!@!@ENDMSG 2202 @!@!@
@!@!@STARTMSG 2200:0 @!@!@
Progress(6) at 2019-03-04 08:51:04: 27 states generated (5,955 s/min), 19 distinct states found (4,191 ds/min), 3 states left on queue.
@!@!@ENDMSG 2200 @!@!@
@!@!@STARTMSG 2199:0 @!@!@
27 states generated, 19 distinct states found, 3 states left on queue.
@!@!@ENDMSG 2199 @!@!@
@!@!@STARTMSG 2194:0 @!@!@
The depth of the complete state graph search is 6.
@!@!@ENDMSG 2194 @!@!@
@!@!@STARTMSG 2268:0 @!@!@
The average outdegree of the complete state graph is 1 (minimum is 1, the maximum 2 and the 95th percentile is 2).
@!@!@ENDMSG 2268 @!@!@
@!@!@STARTMSG 2186:0 @!@!@
Finished in 430ms at (2019-03-04 08:51:04)
@!@!@ENDMSG 2186 @!@!@
